  Features.cpp
  Render.cpp
C:\Users\Levki\Desktop\yes\FiveM-External\Cheat\SDK\Game\GameSDK.h(6,15): warning C4091: 'extern ': ignored on left of 'CBone' when no variable is declared
  (compiling source file 'Cheat/Features.cpp')
  
C:\Users\Levki\Desktop\yes\FiveM-External\Cheat\Features.cpp(6,6): warning C4273: 'mouse_event': inconsistent dll linkage
      C:\Program Files (x86)\Windows Kits\10\Include\10.0.26100.0\um\winuser.h(6106,1):
      see previous definition of 'mouse_event'
  
C:\Users\Levki\Desktop\yes\FiveM-External\Cheat\SDK\Game\GameSDK.h(6,15): warning C4091: 'extern ': ignored on left of 'CBone' when no variable is declared
  (compiling source file 'Cheat/Render.cpp')
  
C:\Users\Levki\Desktop\yes\FiveM-External\Cheat\Render.cpp(514,63): warning C4244: 'argument': conversion from 'LONG' to 'float', possible loss of data
C:\Users\Levki\Desktop\yes\FiveM-External\Cheat\Render.cpp(547,100): warning C4244: 'argument': conversion from 'float' to 'int', possible loss of data
C:\Users\Levki\Desktop\yes\FiveM-External\Cheat\Render.cpp(547,80): warning C4244: 'argument': conversion from 'float' to 'int', possible loss of data
C:\Users\Levki\Desktop\yes\FiveM-External\Cheat\Render.cpp(550,83): warning C4244: 'argument': conversion from 'float' to 'int', possible loss of data
  CPed.cpp
C:\Users\Levki\Desktop\yes\FiveM-External\Cheat\SDK\Game\GameSDK.h(6,15): warning C4091: 'extern ': ignored on left of 'CBone' when no variable is declared
  (compiling source file 'Cheat/SDK/CPed/CPed.cpp')
  
  GameSDK.cpp
C:\Users\Levki\Desktop\yes\FiveM-External\Cheat\SDK\Game\GameSDK.h(6,15): warning C4091: 'extern ': ignored on left of 'CBone' when no variable is declared
  (compiling source file 'Cheat/SDK/Game/GameSDK.cpp')
  
  imgui.cpp
  imgui_demo.cpp
  imgui_draw.cpp
  imgui_impl_dx11.cpp
  imgui_impl_win32.cpp
  imgui_tables.cpp
  imgui_widgets.cpp
  main.cpp
C:\Users\Levki\Desktop\yes\FiveM-External\Cheat\SDK\Game\GameSDK.h(6,15): warning C4091: 'extern ': ignored on left of 'CBone' when no variable is declared
  (compiling source file 'main.cpp')
  
  Overlay.cpp
  Globals.cpp
  Memory.cpp
     Creating library C:\Users\Levki\Desktop\yes\x64\Release\3258v2.lib and object C:\Users\Levki\Desktop\yes\x64\Release\3258v2.exp
  Generating code
  Previous IPDB not found, fall back to full compilation.
  All 2085 functions were compiled because no usable IPDB/IOBJ from previous compilation was found.
  Finished generating code
  FiveM-External.vcxproj -> C:\Users\Levki\Desktop\yes\x64\Release\3258v2.exe
